0 info it worked if it ends with ok
1 verbose cli [ 'node', '/usr/bin/npm', 'link' ]
2 info using npm@1.4.10
3 info using node@v0.10.18
4 verbose node symlink /usr/bin/node
5 verbose linkPkg /home/jjw9128/Node/learn/packages/repo/subpackage
6 error Error: EACCES, symlink '/home/jjw9128/Node/learn/packages/repo/subpackage'
6 error  { [Error: EACCES, symlink '/home/jjw9128/Node/learn/packages/repo/subpackage']
6 error   errno: 3,
6 error   code: 'EACCES',
6 error   path: '/home/jjw9128/Node/learn/packages/repo/subpackage' }
7 error Please try running this command again as root/Administrator.
8 error System Linux 3.13.0-5-generic
9 error command "node" "/usr/bin/npm" "link"
10 error cwd /home/jjw9128/Node/learn/packages/repo/subpackage
11 error node -v v0.10.18
12 error npm -v 1.4.10
13 error path /home/jjw9128/Node/learn/packages/repo/subpackage
14 error code EACCES
15 error errno 3
16 error stack Error: EACCES, symlink '/home/jjw9128/Node/learn/packages/repo/subpackage'
17 verbose exit [ 3, true ]
